<?xml version="1.0" encoding="UTF-8"?>
<!-- Generated by org.testng.reporters.JUnitReportReporter -->
<testsuite hostname="Faruks-MBP.lan" failures="0" tests="2" name="amazontask.task1" time="24.358" errors="0" timestamp="2022-12-21T22:33:06 EST" skipped="0">
  <testcase classname="amazontask.task1" name="f" time="10.246"/>
  <system-out/>
  <testcase classname="amazontask.task1" name="test2" time="14.112"/>
  <system-out/>
</testsuite> <!-- amazontask.task1 -->
