<?xml version="1.0" encoding="UTF-8"?>
<!-- Generated by org.testng.reporters.JUnitReportReporter -->
<testsuite hostname="Faruks-MBP.lan" failures="0" tests="2" name="testng.amazon" time="14.091" errors="0" timestamp="2022-12-20T23:48:27 EST" skipped="0">
  <testcase classname="testng.amazon" name="f" time="8.964"/>
  <system-out/>
  <testcase classname="testng.amazon" name="test2" time="5.127"/>
  <system-out/>
</testsuite> <!-- testng.amazon -->
